17.03.2021  01:18:03 [main] INFO  by.Kachanova.bookshop.main.Main  - _______________Start to full fill my shop__________________________
17.03.2021  01:18:03 [main] INFO  by.Kachanova.bookshop.main.Main  - _______________Sort my books__________________________
17.03.2021  01:18:03 [main] INFO  by.Kachanova.bookshop.main.Main  - _______________Add one more book__________________________
17.03.2021  01:18:03 [main] INFO  by.Kachanova.bookshop.main.Main  - _______________Find book__________________________
17.03.2021  01:18:03 [main] INFO  by.Kachanova.bookshop.main.Main  - _______________Find book__________________________
17.03.2021  01:18:03 [main] INFO  by.Kachanova.bookshop.main.Main  - _______________Sell another book__________________________
17.03.2021  02:05:33 [main] INFO  by.Kachanova.bookshop.main.Main  - _______________Start to full fill my shop__________________________
17.03.2021  02:07:14 [main] INFO  by.Kachanova.bookshop.main.Main  - _______________Start to full fill my shop__________________________
17.03.2021  02:22:24 [main] INFO  by.Kachanova.bookshop.main.Main  - _______________Start to full fill my shop__________________________
17.03.2021  02:25:01 [main] INFO  by.Kachanova.bookshop.main.Main  - _______________Start to full fill my shop__________________________
17.03.2021  02:48:43 [main] INFO  by.Kachanova.bookshop.main.Main  - _______________Start to full fill my shop__________________________
17.03.2021  02:51:13 [main] INFO  by.Kachanova.bookshop.main.Main  - _______________Start to full fill my shop__________________________
17.03.2021  03:00:12 [main] INFO  by.Kachanova.bookshop.main.Main  - _______________Start to full fill my shop__________________________
17.03.2021  03:27:38 [main] INFO  by.Kachanova.bookshop.main.Main  - _______________Start to full fill my shop__________________________
17.03.2021  13:49:42 [main] INFO  by.Kachanova.bookshop.main.Main  - _______________Start to full fill my shop__________________________
17.03.2021  13:51:20 [main] INFO  by.Kachanova.bookshop.main.Main  - _______________Start to full fill my shop__________________________
17.03.2021  13:51:31 [main] INFO  by.Kachanova.bookshop.main.Main  - _______________Start to full fill my shop__________________________
17.03.2021  13:52:05 [main] INFO  by.Kachanova.bookshop.main.Main  - _______________Start to full fill my shop__________________________
17.03.2021  15:43:34 [main] INFO  by.Kachanova.bookshop.main.Main  - _______________Start to full fill my shop__________________________
17.03.2021  15:43:34 [main] INFO  by.Kachanova.bookshop.main.Main  - _______________Sort my books__________________________
17.03.2021  15:43:34 [main] INFO  by.Kachanova.bookshop.main.Main  - _______________Add one more book__________________________
17.03.2021  15:43:34 [main] INFO  by.Kachanova.bookshop.main.Main  - _______________Find book__________________________
17.03.2021  15:43:34 [main] INFO  by.Kachanova.bookshop.main.Main  - _______________Find book__________________________
17.03.2021  15:43:34 [main] INFO  by.Kachanova.bookshop.main.Main  - _______________Sell another book__________________________
17.03.2021  15:43:41 [main] INFO  by.Kachanova.bookshop.main.Main  - _______________Start to full fill my shop__________________________
17.03.2021  15:43:41 [main] INFO  by.Kachanova.bookshop.main.Main  - _______________Sort my books__________________________
17.03.2021  15:43:41 [main] INFO  by.Kachanova.bookshop.main.Main  - _______________Add one more book__________________________
17.03.2021  15:43:41 [main] INFO  by.Kachanova.bookshop.main.Main  - _______________Find book__________________________
17.03.2021  15:43:41 [main] INFO  by.Kachanova.bookshop.main.Main  - _______________Find book__________________________
17.03.2021  15:43:41 [main] INFO  by.Kachanova.bookshop.main.Main  - _______________Sell another book__________________________
17.03.2021  15:44:56 [main] INFO  by.Kachanova.bookshop.main.Main  - _______________Start to full fill my shop__________________________
17.03.2021  15:44:56 [main] INFO  by.Kachanova.bookshop.main.Main  - _______________Sort my books__________________________
17.03.2021  15:44:56 [main] INFO  by.Kachanova.bookshop.main.Main  - _______________Add one more book__________________________
17.03.2021  15:44:56 [main] INFO  by.Kachanova.bookshop.main.Main  - _______________Find book__________________________
17.03.2021  15:44:56 [main] INFO  by.Kachanova.bookshop.main.Main  - _______________Find book__________________________
17.03.2021  15:44:56 [main] INFO  by.Kachanova.bookshop.main.Main  - _______________Sell another book__________________________
17.03.2021  15:45:55 [main] INFO  by.Kachanova.bookshop.main.Main  - _______________Start to full fill my shop__________________________
17.03.2021  15:45:55 [main] INFO  by.Kachanova.bookshop.main.Main  - _______________Sort my books__________________________
17.03.2021  15:45:55 [main] INFO  by.Kachanova.bookshop.main.Main  - _______________Add one more book__________________________
17.03.2021  15:45:55 [main] INFO  by.Kachanova.bookshop.main.Main  - _______________Find book__________________________
17.03.2021  15:49:39 [main] INFO  by.Kachanova.bookshop.main.Main  - _______________Start to full fill my shop__________________________
17.03.2021  15:54:48 [main] INFO  by.Kachanova.bookshop.main.Main  - _______________Start to full fill my shop__________________________
